<?xml version="1.0" encoding="UTF-8"?>
<!-- Generated by org.testng.reporters.JUnitReportReporter -->
<testsuite hostname="DESKTOP-K2S7KP3" name="testCases.ReportsExample" tests="1" failures="0" timestamp="9 Dec 2017 07:11:31 GMT" time="0.989" errors="0">
  <testcase name="Reports" time="0.989" classname="testCases.ReportsExample"/>
</testsuite> <!-- testCases.ReportsExample -->
