<?xml version="1.0" encoding="UTF-8"?>
<!-- Generated by org.testng.reporters.JUnitReportReporter -->
<testsuite hostname="DESKTOP-K2S7KP3" name="testCases.CreateLeadWD" tests="1" failures="0" timestamp="2 Jan 2018 18:12:58 GMT" time="44.132" errors="0">
  <testcase name="createLead" time="44.132" classname="testCases.CreateLeadWD"/>
</testsuite> <!-- testCases.CreateLeadWD -->
